<?xml version="1.0" encoding="UTF-8"?>
<testsuite xmlns:xsi="http://www.w3.org/2001/XMLSchema-instance" xsi:schemaLocation="https://maven.apache.org/surefire/maven-surefire-plugin/xsd/surefire-test-report.xsd" name="TestSuite" time="793.085" tests="142" errors="0" skipped="0" failures="67">
  <properties>
    <property name="java.runtime.name" value="Java(TM) SE Runtime Environment"/>
    <property name="java.vm.version" value="11.0.2+9-LTS"/>
    <property name="sun.boot.library.path" value="C:\Program Files\Java\jdk-11.0.2\bin"/>
    <property name="maven.multiModuleProjectDirectory" value="C:\Users\Admin\IdeaProjects\magicleapTesting"/>
    <property name="java.vm.vendor" value="Oracle Corporation"/>
    <property name="java.vendor.url" value="http://java.oracle.com/"/>
    <property name="guice.disable.misplaced.annotation.check" value="true"/>
    <property name="path.separator" value=";"/>
    <property name="java.vm.name" value="Java HotSpot(TM) 64-Bit Server VM"/>
    <property name="sun.os.patch.level" value="Service Pack 1"/>
    <property name="user.script" value=""/>
    <property name="user.country" value="US"/>
    <property name="sun.java.launcher" value="SUN_STANDARD"/>
    <property name="java.vm.specification.name" value="Java Virtual Machine Specification"/>
    <property name="user.dir" value="C:\Users\Admin\IdeaProjects\magicleapTesting"/>
    <property name="java.vm.compressedOopsMode" value="32-bit"/>
    <property name="java.runtime.version" value="11.0.2+9-LTS"/>
    <property name="java.awt.graphicsenv" value="sun.awt.Win32GraphicsEnvironment"/>
    <property name="os.arch" value="amd64"/>
    <property name="java.io.tmpdir" value="C:\Users\Admin\AppData\Local\Temp\"/>
    <property name="line.separator" value="&#10;"/>
    <property name="java.vm.specification.vendor" value="Oracle Corporation"/>
    <property name="user.variant" value=""/>
    <property name="os.name" value="Windows 7"/>
    <property name="classworlds.conf" value="C:\Users\Admin\Desktop\mvn\apache-maven-3.6.0\bin\..\bin\m2.conf"/>
    <property name="sun.jnu.encoding" value="Cp1252"/>
    <property name="java.library.path" value="C:\Program Files\Java\jdk-11.0.2\bin;C:\Windows\Sun\Java\bin;C:\Windows\system32;C:\Windows;C:\Python27\;C:\Python27\Scripts;C:\Program Files (x86)\Common Files\Oracle\Java\javapath;C:\Program Files (x86)\Intel\iCLS Client\;C:\Program Files\Intel\iCLS Client\;%SYSTEMROOT%\SYSTEM32;%SYSTEMROOT%;%SYSTEMROOT%\SYSTEM32\WBEM;%SYSTEMROOT%\SYSTEM32\WINDOWSPOWERSHELL\V1.0\;C:\PROGRAM FILES (X86)\INTEL\OPENCL SDK\2.0\BIN\X86;C:\PROGRAM FILES (X86)\INTEL\OPENCL SDK\2.0\BIN\X64;C:\PROGRAM FILES (X86)\INTEL\OPENCL SDK\2.0\BIN\X86;C:\PROGRAM FILES (X86)\INTEL\OPENCL SDK\2.0\BIN\X64;C:\Program Files\Intel\WiFi\bin\;C:\Program Files\Common Files\Intel\WirelessCommon\;C:\Program Files\ThinkPad\Bluetooth Software\;C:\Program Files\ThinkPad\Bluetooth Software\syswow64;C:\Program Files (x86)\Intel\Intel(R) Management Engine Components\DAL;C:\Program Files\Intel\Intel(R) Management Engine Components\DAL;C:\Program Files (x86)\Intel\Intel(R) Management Engine Components\IPT;C:\Program Files\Intel\Intel(R) Management Engine Components\IPT;C:\Program Files\TortoiseSVN\bin;C:\Program Files\dotnet\;C:\Program Files\Microsoft SQL Server\130\Tools\Binn\;C:\xampp\php;D:\xampp\php;C:\Program Files\Java\jdk-11.0.2\bin;C:\Program Files\Java\jre1.8.0_201\bin.;C:\ProgramData\ComposerSetup\bin;C:\Users\Admin\Desktop\mvn\apache-maven-3.6.0\bin;C:\Users\Admin\Desktop\curl\curl-7.64.1-win64-mingw\bin;C:\Users\Admin\AppData\Local\Programs\Python\Python37-32\Scripts;C:\Users\Admin\Desktop\Nick js\lambdaTest\node_modules;C:\Program Files\Java\jdk-11.0.2\bin;C:\Program Files\PuTTY\;C:\Program Files\Git\cmd;C:\ProgramData\chocolatey\bin;C:\Program Files\nodejs\;C:\Android;C:\Windows\System32;C:\Users\Admin\.windows-build-tools\python27\;C:\Program Files\nodejs\node_modules\npm\node_modules\npm-lifecycle\node-gyp-bin;C:\Users\Admin\AppData\Roaming\npm\node_modules\windows-build-tools\node_modules\.bin;C:\Users\Admin\AppData\Roaming\npm\node_modules\.bin;C:\Program Files (x86)\Common Files\Oracle\Java\javapath;C:\Program Files (x86)\Intel\iCLS Client\;C:\Program Files\Intel\iCLS Client\;C:\Windows\SYSTEM32;C:\Windows;C:\Windows\SYSTEM32\WBEM;C:\Windows\SYSTEM32\WINDOWSPOWERSHELL\V1.0\;C:\PROGRAM FILES (X86)\INTEL\OPENCL SDK\2.0\BIN\X86;C:\PROGRAM FILES (X86)\INTEL\OPENCL SDK\2.0\BIN\X64;;C:\PROGRAM FILES (X86)\INTEL\OPENCL SDK\2.0\BIN\X86;C:\PROGRAM FILES (X86)\INTEL\OPENCL SDK\2.0\BIN\X64;C:\Program Files\Intel\WiFi\bin\;C:\Program Files\Common Files\Intel\WirelessCommon\;C:\Program Files\ThinkPad\Bluetooth Software\;C:\Program Files\ThinkPad\Bluetooth Software\syswow64;C:\Program Files (x86)\Intel\Intel(R) Management Engine Components\DAL;C:\Program Files\Intel\Intel(R) Management Engine Components\DAL;C:\Program Files (x86)\Intel\Intel(R) Management Engine Components\IPT;C:\Program Files\Intel\Intel(R) Management Engine Components\IPT;C:\Program Files\TortoiseSVN\bin;C:\Program Files\nodejs\;C:\Program Files\dotnet\;C:\Program Files\Microsoft SQL Server\130\Tools\Binn\;C:\xampp\php;D:\xampp\php;D:\xampp;C:\Program Files\Java\jdk-11.0.2\bin;C:\Program Files\Java\jre1.8.0_201\bin.;C:\Ruby25-x64\bin;C:\Users\Admin\AppData\Local\Programs\Python\Python37-32\Scripts\;C:\Users\Admin\AppData\Local\Programs\Python\Python37-32\;C:\Users\Admin\AppData\Roaming\Composer\vendor\bin;C:\Program Files\JetBrains\PyCharm Community Edition 2019.1.1\bin;;C:\Program Files\Docker Toolbox;C:\Program Files\JetBrains\PhpStorm 2019.2\bin;C:\Users\Admin\.dotnet\tools;C:\Users\Admin\AppData\Local\Programs\Microsoft VS Code\bin;C:\Users\Admin\AppData\Roaming\npm;."/>
    <property name="maven.conf" value="C:\Users\Admin\Desktop\mvn\apache-maven-3.6.0\bin\../conf"/>
    <property name="jdk.debug" value="release"/>
    <property name="java.class.version" value="55.0"/>
    <property name="java.specification.name" value="Java Platform API Specification"/>
    <property name="sun.management.compiler" value="HotSpot 64-Bit Tiered Compilers"/>
    <property name="os.version" value="6.1"/>
    <property name="library.jansi.path" value="C:\Users\Admin\Desktop\mvn\apache-maven-3.6.0\bin\..\lib\jansi-native"/>
    <property name="surefire.suiteXmlFiles" value="win8.xml"/>
    <property name="user.home" value="C:\Users\Admin"/>
    <property name="user.timezone" value="Asia/Calcutta"/>
    <property name="java.awt.printerjob" value="sun.awt.windows.WPrinterJob"/>
    <property name="file.encoding" value="Cp1252"/>
    <property name="java.specification.version" value="11"/>
    <property name="user.name" value="Admin"/>
    <property name="java.class.path" value="C:\Users\Admin\Desktop\mvn\apache-maven-3.6.0\bin\..\boot\plexus-classworlds-2.5.2.jar"/>
    <property name="java.vm.specification.version" value="11"/>
    <property name="sun.arch.data.model" value="64"/>
    <property name="sun.java.command" value="org.codehaus.plexus.classworlds.launcher.Launcher clean test -Dsurefire.suiteXmlFiles=win8.xml"/>
    <property name="java.home" value="C:\Program Files\Java\jdk-11.0.2"/>
    <property name="user.language" value="en"/>
    <property name="java.specification.vendor" value="Oracle Corporation"/>
    <property name="awt.toolkit" value="sun.awt.windows.WToolkit"/>
    <property name="java.vm.info" value="mixed mode"/>
    <property name="java.version" value="11.0.2"/>
    <property name="java.vendor" value="Oracle Corporation"/>
    <property name="sun.stderr.encoding" value="cp437"/>
    <property name="maven.home" value="C:\Users\Admin\Desktop\mvn\apache-maven-3.6.0\bin\.."/>
    <property name="file.separator" value="\"/>
    <property name="java.version.date" value="2019-01-15"/>
    <property name="java.vendor.url.bug" value="http://bugreport.java.com/bugreport/"/>
    <property name="sun.io.unicode.encoding" value="UnicodeLittle"/>
    <property name="sun.cpu.endian" value="little"/>
    <property name="java.vendor.version" value="18.9"/>
    <property name="sun.stdout.encoding" value="cp437"/>
    <property name="sun.desktop" value="windows"/>
    <property name="sun.cpu.isalist" value="amd64"/>
  </properties>
  <testcase name="DesktopScript" classname="magicLeap" time="0.008"/>
  <testcase name="DesktopScript" classname="magicLeap" time="0.001"/>
  <testcase name="DesktopScript" classname="magicLeap" time="0.002"/>
  <testcase name="DesktopScript" classname="magicLeap" time="0.003"/>
  <testcase name="DesktopScript" classname="magicLeap" time="0.001"/>
  <testcase name="DesktopScript" classname="magicLeap" time="24.372"/>
  <testcase name="DesktopScript" classname="magicLeap" time="0.125"/>
  <testcase name="DesktopScript" classname="magicLeap" time="3.309"/>
  <testcase name="DesktopScript" classname="magicLeap" time="0.996"/>
  <testcase name="DesktopScript" classname="magicLeap" time="2.582"/>
  <testcase name="DesktopScript" classname="magicLeap" time="0.076"/>
  <testcase name="DesktopScript" classname="magicLeap" time="0.537"/>
  <testcase name="DesktopScript" classname="magicLeap" time="0.396"/>
  <testcase name="DesktopScript" classname="magicLeap" time="0.736"/>
  <testcase name="DesktopScript" classname="magicLeap" time="0.657"/>
  <testcase name="DesktopScript" classname="magicLeap" time="0.198"/>
  <testcase name="DesktopScript" classname="magicLeap" time="0.375"/>
  <testcase name="DesktopScript" classname="magicLeap" time="2.88"/>
  <testcase name="DesktopScript" classname="magicLeap" time="0.621"/>
  <testcase name="DesktopScript" classname="magicLeap" time="0.002"/>
  <testcase name="DesktopScript" classname="magicLeap" time="0.887"/>
  <testcase name="DesktopScript" classname="magicLeap" time="0.728"/>
  <testcase name="DesktopScript" classname="magicLeap" time="0.043"/>
  <testcase name="DesktopScript" classname="magicLeap" time="1.899"/>
  <testcase name="DesktopScript" classname="magicLeap" time="6.716"/>
  <testcase name="DesktopScript" classname="magicLeap" time="0.577"/>
  <testcase name="DesktopScript" classname="magicLeap" time="4.033"/>
  <testcase name="DesktopScript" classname="magicLeap" time="0.363"/>
  <testcase name="tunnelTest" classname="magicLeap" time="0.002">
    <failure type="java.lang.NullPointerException">java.lang.NullPointerException
	at magicLeap.tunnelTest(magicLeap.java:162)
</failure>
    <system-out><![CDATA[java.lang.NullPointerException
]]></system-out>
  </testcase>
  <testcase name="tunnelTest" classname="magicLeap" time="0.001">
    <failure type="java.lang.NullPointerException">java.lang.NullPointerException
	at magicLeap.tunnelTest(magicLeap.java:162)
</failure>
    <system-out><![CDATA[java.lang.NullPointerException
]]></system-out>
  </testcase>
  <testcase name="tunnelTest" classname="magicLeap" time="0.001">
    <failure type="java.lang.NullPointerException">java.lang.NullPointerException
	at magicLeap.tunnelTest(magicLeap.java:162)
</failure>
    <system-out><![CDATA[java.lang.NullPointerException
]]></system-out>
  </testcase>
  <testcase name="tunnelTest" classname="magicLeap" time="0.002">
    <failure type="java.lang.NullPointerException">java.lang.NullPointerException
	at magicLeap.tunnelTest(magicLeap.java:162)
</failure>
    <system-out><![CDATA[java.lang.NullPointerException
]]></system-out>
  </testcase>
  <testcase name="tunnelTest" classname="magicLeap" time="0.014">
    <failure type="java.lang.NullPointerException">java.lang.NullPointerException
	at magicLeap.tunnelTest(magicLeap.java:162)
</failure>
    <system-out><![CDATA[java.lang.NullPointerException
]]></system-out>
  </testcase>
  <testcase name="tunnelTest" classname="magicLeap" time="0.001">
    <failure type="java.lang.NullPointerException">java.lang.NullPointerException
	at magicLeap.tunnelTest(magicLeap.java:162)
</failure>
    <system-out><![CDATA[java.lang.NullPointerException
]]></system-out>
  </testcase>
  <testcase name="tunnelTest" classname="magicLeap" time="1.469">
    <failure type="java.lang.NullPointerException">java.lang.NullPointerException
	at magicLeap.tunnelTest(magicLeap.java:174)
</failure>
    <system-out><![CDATA[scroll down
Tunnel runs successfully
]]></system-out>
  </testcase>
  <testcase name="tunnelTest" classname="magicLeap" time="7.836">
    <failure type="java.lang.NullPointerException">java.lang.NullPointerException
	at magicLeap.tunnelTest(magicLeap.java:174)
</failure>
    <system-out><![CDATA[Tunnel runs successfully
Tunnel runs successfully
Tunnel runs successfully
Double click perform
Tunnel runs successfully
Tunnel runs successfully
]]></system-out>
  </testcase>
  <testcase name="tunnelTest" classname="magicLeap" time="1.113">
    <failure type="java.lang.NullPointerException">java.lang.NullPointerException
	at magicLeap.tunnelTest(magicLeap.java:174)
</failure>
    <system-out><![CDATA[Tunnel runs successfully
Tunnel runs successfully
]]></system-out>
  </testcase>
  <testcase name="tunnelTest" classname="magicLeap" time="3.749">
    <failure type="java.lang.NullPointerException">java.lang.NullPointerException
	at magicLeap.tunnelTest(magicLeap.java:174)
</failure>
    <system-out><![CDATA[Double click perform
]]></system-out>
  </testcase>
  <testcase name="tunnelTest" classname="magicLeap" time="4.869">
    <failure type="java.lang.NullPointerException">java.lang.NullPointerException
	at magicLeap.tunnelTest(magicLeap.java:174)
</failure>
    <system-out><![CDATA[scroll down
]]></system-out>
  </testcase>
  <testcase name="tunnelTest" classname="magicLeap" time="0">
    <failure type="java.lang.NullPointerException">java.lang.NullPointerException
	at magicLeap.tunnelTest(magicLeap.java:174)
</failure>
  </testcase>
  <testcase name="tunnelTest" classname="magicLeap" time="0.858">
    <failure type="java.lang.NullPointerException">java.lang.NullPointerException
	at magicLeap.tunnelTest(magicLeap.java:174)
</failure>
  </testcase>
  <testcase name="tunnelTest" classname="magicLeap" time="3.905">
    <failure type="java.lang.NullPointerException">java.lang.NullPointerException
	at magicLeap.tunnelTest(magicLeap.java:174)
</failure>
  </testcase>
  <testcase name="tunnelTest" classname="magicLeap" time="0">
    <failure type="java.lang.NullPointerException">java.lang.NullPointerException
	at magicLeap.tunnelTest(magicLeap.java:174)
</failure>
  </testcase>
  <testcase name="tunnelTest" classname="magicLeap" time="4.008">
    <failure type="java.lang.NullPointerException">java.lang.NullPointerException
	at magicLeap.tunnelTest(magicLeap.java:174)
</failure>
    <system-out><![CDATA[scroll down
]]></system-out>
  </testcase>
  <testcase name="tunnelTest" classname="magicLeap" time="3.013">
    <failure type="java.lang.NullPointerException">java.lang.NullPointerException
	at magicLeap.tunnelTest(magicLeap.java:174)
</failure>
  </testcase>
  <testcase name="tunnelTest" classname="magicLeap" time="0.9">
    <failure type="java.lang.NullPointerException">java.lang.NullPointerException
	at magicLeap.tunnelTest(magicLeap.java:174)
</failure>
    <system-out><![CDATA[scroll down
]]></system-out>
  </testcase>
  <testcase name="tunnelTest" classname="magicLeap" time="0.254">
    <failure type="java.lang.NullPointerException">java.lang.NullPointerException
	at magicLeap.tunnelTest(magicLeap.java:174)
</failure>
  </testcase>
  <testcase name="tunnelTest" classname="magicLeap" time="0.134">
    <failure type="java.lang.NullPointerException">java.lang.NullPointerException
	at magicLeap.tunnelTest(magicLeap.java:174)
</failure>
  </testcase>
  <testcase name="tunnelTest" classname="magicLeap" time="0.422">
    <failure type="java.lang.NullPointerException">java.lang.NullPointerException
	at magicLeap.tunnelTest(magicLeap.java:174)
</failure>
  </testcase>
  <testcase name="tunnelTest" classname="magicLeap" time="3.371">
    <failure type="java.lang.NullPointerException">java.lang.NullPointerException
	at magicLeap.tunnelTest(magicLeap.java:174)
</failure>
  </testcase>
  <testcase name="tunnelTest" classname="magicLeap" time="6.989">
    <failure type="java.lang.NullPointerException">java.lang.NullPointerException
	at magicLeap.tunnelTest(magicLeap.java:174)
</failure>
    <system-out><![CDATA[Tunnel runs successfully
]]></system-out>
  </testcase>
  <testcase name="tunnelTest" classname="magicLeap" time="0.521">
    <failure type="java.lang.NullPointerException">java.lang.NullPointerException
	at magicLeap.tunnelTest(magicLeap.java:174)
</failure>
  </testcase>
  <testcase name="tunnelTest" classname="magicLeap" time="25.06">
    <failure type="java.lang.NullPointerException">java.lang.NullPointerException
	at magicLeap.tunnelTest(magicLeap.java:174)
</failure>
    <system-out><![CDATA[Tunnel runs successfully
]]></system-out>
  </testcase>
  <testcase name="tunnelTest" classname="magicLeap" time="0.928">
    <failure type="java.lang.NullPointerException">java.lang.NullPointerException
	at magicLeap.tunnelTest(magicLeap.java:174)
</failure>
  </testcase>
  <testcase name="tunnelTest" classname="magicLeap" time="3.32">
    <failure type="java.lang.NullPointerException">java.lang.NullPointerException
	at magicLeap.tunnelTest(magicLeap.java:174)
</failure>
  </testcase>
  <testcase name="tunnelTest" classname="magicLeap" time="0.923">
    <failure type="java.lang.NullPointerException">java.lang.NullPointerException
	at magicLeap.tunnelTest(magicLeap.java:174)
</failure>
  </testcase>
  <testcase name="Resolution" classname="magicLeap" time="0.001"/>
  <testcase name="Resolution" classname="magicLeap" time="0.001"/>
  <testcase name="Resolution" classname="magicLeap" time="0.001"/>
  <testcase name="Resolution" classname="magicLeap" time="0.002"/>
  <testcase name="Resolution" classname="magicLeap" time="0.003"/>
  <testcase name="Resolution" classname="magicLeap" time="0.001"/>
  <testcase name="Resolution" classname="magicLeap" time="12.75"/>
  <testcase name="Resolution" classname="magicLeap" time="1.85"/>
  <testcase name="Resolution" classname="magicLeap" time="2.124"/>
  <testcase name="Resolution" classname="magicLeap" time="1.443"/>
  <testcase name="Resolution" classname="magicLeap" time="7.435"/>
  <testcase name="Resolution" classname="magicLeap" time="1.578"/>
  <testcase name="Resolution" classname="magicLeap" time="2.486"/>
  <testcase name="Resolution" classname="magicLeap" time="0.359"/>
  <testcase name="Resolution" classname="magicLeap" time="1.173"/>
  <testcase name="Resolution" classname="magicLeap" time="0.476"/>
  <testcase name="Resolution" classname="magicLeap" time="0.755"/>
  <testcase name="Resolution" classname="magicLeap" time="4.571"/>
  <testcase name="Resolution" classname="magicLeap" time="6.584"/>
  <testcase name="Resolution" classname="magicLeap" time="0.81"/>
  <testcase name="Resolution" classname="magicLeap" time="0.148"/>
  <testcase name="Resolution" classname="magicLeap" time="1.208"/>
  <testcase name="Resolution" classname="magicLeap" time="0.214"/>
  <testcase name="Resolution" classname="magicLeap" time="4.876"/>
  <testcase name="Resolution" classname="magicLeap" time="28.489"/>
  <testcase name="Resolution" classname="magicLeap" time="15.112"/>
  <testcase name="Resolution" classname="magicLeap" time="9.254"/>
  <testcase name="Resolution" classname="magicLeap" time="6.451"/>
  <testcase name="Geolocation" classname="magicLeap" time="0.003">
    <failure type="java.lang.NullPointerException">java.lang.NullPointerException
	at magicLeap.Geolocation(magicLeap.java:227)
</failure>
    <system-out><![CDATA[java.lang.NullPointerException
]]></system-out>
  </testcase>
  <testcase name="Geolocation" classname="magicLeap" time="0.002">
    <failure type="java.lang.NullPointerException">java.lang.NullPointerException
	at magicLeap.Geolocation(magicLeap.java:227)
</failure>
    <system-out><![CDATA[java.lang.NullPointerException
]]></system-out>
  </testcase>
  <testcase name="Geolocation" classname="magicLeap" time="0.001">
    <failure type="java.lang.NullPointerException">java.lang.NullPointerException
	at magicLeap.Geolocation(magicLeap.java:227)
</failure>
    <system-out><![CDATA[java.lang.NullPointerException
]]></system-out>
  </testcase>
  <testcase name="Geolocation" classname="magicLeap" time="0.002">
    <failure type="java.lang.NullPointerException">java.lang.NullPointerException
	at magicLeap.Geolocation(magicLeap.java:227)
</failure>
    <system-out><![CDATA[java.lang.NullPointerException
]]></system-out>
  </testcase>
  <testcase name="Geolocation" classname="magicLeap" time="0.002">
    <failure type="java.lang.NullPointerException">java.lang.NullPointerException
	at magicLeap.Geolocation(magicLeap.java:227)
</failure>
    <system-out><![CDATA[java.lang.NullPointerException
]]></system-out>
  </testcase>
  <testcase name="Geolocation" classname="magicLeap" time="0.002">
    <failure type="java.lang.NullPointerException">java.lang.NullPointerException
	at magicLeap.Geolocation(magicLeap.java:227)
</failure>
    <system-out><![CDATA[java.lang.NullPointerException
]]></system-out>
  </testcase>
  <testcase name="Geolocation" classname="magicLeap" time="0.651"/>
  <testcase name="Geolocation" classname="magicLeap" time="1.696"/>
  <testcase name="Geolocation" classname="magicLeap" time="3.963"/>
  <testcase name="Geolocation" classname="magicLeap" time="3.362"/>
  <testcase name="Geolocation" classname="magicLeap" time="0.678"/>
  <testcase name="Geolocation" classname="magicLeap" time="1.348"/>
  <testcase name="Geolocation" classname="magicLeap" time="11.517">
    <failure type="java.lang.NullPointerException">java.lang.NullPointerException
	at magicLeap.Geolocation(magicLeap.java:227)
</failure>
    <system-out><![CDATA[org.openqa.selenium.WebDriverException: Reached error page: about:neterror?e=nssFailure2&u=https%3A//rp.gwallet.com/r1/cm/p41&c=UTF-8&f=regular&d=An%20error%20occurred%20during%20a%20connection%20to%20rp.gwallet.com.%0A%0ASSL%20received%20a%20record%20that%20exceeded%20the%20maximum%20permissible%20length.%0A%0AError%20code%3A%20%3Ca%20id%3D%22errorCode%22%20title%3D%22SSL_ERROR_RX_RECORD_TOO_LONG%22%3ESSL_ERROR_RX_RECORD_TOO_LONG%3C/a%3E%0A
Build info: version: '3.141.59', revision: 'e82be7d358', time: '2018-11-14T08:17:03'
System info: host: 'ADMIN-PC', ip: '192.168.56.1', os.name: 'Windows 7', os.arch: 'amd64', os.version: '6.1', java.version: '11.0.2'
Driver info: org.openqa.selenium.remote.RemoteWebDriver
Capabilities {acceptInsecureCerts: true, browserName: firefox, browserVersion: 54.0.1, javascriptEnabled: true, moz:accessibilityChecks: false, moz:processID: 3116, moz:profile: C:\Users\ltuser\AppData\Loc..., pageLoadStrategy: normal, platform: XP, platformName: XP, platformVersion: 6.2, rotatable: false, specificationLevel: 0, timeouts: {implicit: 0, pageLoad: 300000, script: 30000}}
Session ID: 2a255e62-9d5c-4a8f-989c-8a869e2743d2
]]></system-out>
  </testcase>
  <testcase name="Geolocation" classname="magicLeap" time="31.377"/>
  <testcase name="Geolocation" classname="magicLeap" time="29.984"/>
  <testcase name="Geolocation" classname="magicLeap" time="3.876"/>
  <testcase name="Geolocation" classname="magicLeap" time="0.377"/>
  <testcase name="Geolocation" classname="magicLeap" time="0.142"/>
  <testcase name="Geolocation" classname="magicLeap" time="3.769"/>
  <testcase name="Geolocation" classname="magicLeap" time="31.719"/>
  <testcase name="Geolocation" classname="magicLeap" time="1.356"/>
  <testcase name="Geolocation" classname="magicLeap" time="16.902"/>
  <testcase name="Geolocation" classname="magicLeap" time="0.209"/>
  <testcase name="Geolocation" classname="magicLeap" time="20.055"/>
  <testcase name="Geolocation" classname="magicLeap" time="20.26">
    <failure type="java.lang.NullPointerException">java.lang.NullPointerException
	at magicLeap.Geolocation(magicLeap.java:227)
</failure>
    <system-out><![CDATA[org.openqa.selenium.WebDriverException: <html>
<head><title>502 Bad Gateway</title></head>
<body>
<center><h1>502 Bad Gateway</h1></center>
<hr><center>nginx/1.15.5</center>
</body>
</html>
Command duration or timeout: 251.88 seconds
Build info: version: '3.141.59', revision: 'e82be7d358', time: '2018-11-14T08:17:03'
System info: host: 'ADMIN-PC', ip: '192.168.56.1', os.name: 'Windows 7', os.arch: 'amd64', os.version: '6.1', java.version: '11.0.2'
Driver info: org.openqa.selenium.remote.RemoteWebDriver
Capabilities {acceptSslCerts: true, applicationCacheEnabled: false, browserConnectionEnabled: false, browserName: chrome, chrome: {userDataDir: C:\Users\ltuser\AppData\Loc...}, cssSelectorsEnabled: true, databaseEnabled: false, handlesAlerts: true, hasTouchScreen: false, javascriptEnabled: true, locationContextEnabled: true, mobileEmulationEnabled: false, nativeEvents: true, platform: XP, platformName: XP, rotatable: false, takesHeapSnapshot: true, takesScreenshot: true, version: 48.0.2564.97, webStorageEnabled: true, webdriver.remote.sessionid: 77ee7026420fc1d4f169d204e47...}
Session ID: 77ee7026420fc1d4f169d204e47c3a73
]]></system-out>
  </testcase>
  <testcase name="Geolocation" classname="magicLeap" time="16.604"/>
  <testcase name="Geolocation" classname="magicLeap" time="17.997">
    <failure type="java.lang.NullPointerException">java.lang.NullPointerException
	at magicLeap.Geolocation(magicLeap.java:227)
</failure>
    <system-out><![CDATA[org.openqa.selenium.WebDriverException: <html>
<head><title>502 Bad Gateway</title></head>
<body>
<center><h1>502 Bad Gateway</h1></center>
<hr><center>nginx/1.15.5</center>
</body>
</html>
Command duration or timeout: 286.66 seconds
Build info: version: '3.141.59', revision: 'e82be7d358', time: '2018-11-14T08:17:03'
System info: host: 'ADMIN-PC', ip: '192.168.56.1', os.name: 'Windows 7', os.arch: 'amd64', os.version: '6.1', java.version: '11.0.2'
Driver info: org.openqa.selenium.remote.RemoteWebDriver
Capabilities {acceptSslCerts: true, applicationCacheEnabled: false, browserConnectionEnabled: false, browserName: chrome, chrome: {chromedriverVersion: 2.22.397933 (1cab651507b88d..., userDataDir: C:\Users\ltuser\AppData\Loc...}, cssSelectorsEnabled: true, databaseEnabled: false, handlesAlerts: true, hasTouchScreen: false, javascriptEnabled: true, locationContextEnabled: true, mobileEmulationEnabled: false, nativeEvents: true, platform: XP, platformName: XP, rotatable: false, takesHeapSnapshot: true, takesScreenshot: true, version: 49.0.2623.75, webStorageEnabled: true, webdriver.remote.sessionid: 19c81a656c6c0e87aba7a3e68fa...}
Session ID: 19c81a656c6c0e87aba7a3e68fa9f2d0
]]></system-out>
  </testcase>
  <testcase name="Geolocation" classname="magicLeap" time="3.247"/>
  <testcase name="NetSpeed" classname="magicLeap" time="0">
    <failure type="java.lang.NullPointerException">java.lang.NullPointerException
	at magicLeap.NetSpeed(magicLeap.java:246)
</failure>
  </testcase>
  <testcase name="NetSpeed" classname="magicLeap" time="0">
    <failure type="java.lang.NullPointerException">java.lang.NullPointerException
	at magicLeap.NetSpeed(magicLeap.java:246)
</failure>
  </testcase>
  <testcase name="NetSpeed" classname="magicLeap" time="0">
    <failure type="java.lang.NullPointerException">java.lang.NullPointerException
	at magicLeap.NetSpeed(magicLeap.java:246)
</failure>
  </testcase>
  <testcase name="NetSpeed" classname="magicLeap" time="0">
    <failure type="java.lang.NullPointerException">java.lang.NullPointerException
	at magicLeap.NetSpeed(magicLeap.java:246)
</failure>
  </testcase>
  <testcase name="NetSpeed" classname="magicLeap" time="0">
    <failure type="java.lang.NullPointerException">java.lang.NullPointerException
	at magicLeap.NetSpeed(magicLeap.java:246)
</failure>
  </testcase>
  <testcase name="NetSpeed" classname="magicLeap" time="0">
    <failure type="java.lang.NullPointerException">java.lang.NullPointerException
	at magicLeap.NetSpeed(magicLeap.java:246)
</failure>
  </testcase>
  <testcase name="NetSpeed" classname="magicLeap" time="8.818">
    <failure type="java.lang.NullPointerException">java.lang.NullPointerException
	at magicLeap.NetSpeed(magicLeap.java:246)
</failure>
  </testcase>
  <testcase name="NetSpeed" classname="magicLeap" time="4.36">
    <failure type="java.lang.NullPointerException">java.lang.NullPointerException
	at magicLeap.NetSpeed(magicLeap.java:246)
</failure>
  </testcase>
  <testcase name="NetSpeed" classname="magicLeap" time="5.815">
    <failure type="java.lang.NullPointerException">java.lang.NullPointerException
	at magicLeap.NetSpeed(magicLeap.java:246)
</failure>
  </testcase>
  <testcase name="NetSpeed" classname="magicLeap" time="3.314">
    <failure type="java.lang.NullPointerException">java.lang.NullPointerException
	at magicLeap.NetSpeed(magicLeap.java:246)
</failure>
  </testcase>
  <testcase name="NetSpeed" classname="magicLeap" time="3.426">
    <failure type="java.lang.NullPointerException">java.lang.NullPointerException
	at magicLeap.NetSpeed(magicLeap.java:246)
</failure>
  </testcase>
  <testcase name="NetSpeed" classname="magicLeap" time="7.875">
    <failure type="java.lang.NullPointerException">java.lang.NullPointerException
	at magicLeap.NetSpeed(magicLeap.java:246)
</failure>
  </testcase>
  <testcase name="NetSpeed" classname="magicLeap" time="2.658">
    <failure type="java.lang.NullPointerException">java.lang.NullPointerException
	at magicLeap.NetSpeed(magicLeap.java:246)
</failure>
  </testcase>
  <testcase name="NetSpeed" classname="magicLeap" time="10.758">
    <failure type="java.lang.NullPointerException">java.lang.NullPointerException
	at magicLeap.NetSpeed(magicLeap.java:246)
</failure>
  </testcase>
  <testcase name="NetSpeed" classname="magicLeap" time="11.183">
    <failure type="java.lang.NullPointerException">java.lang.NullPointerException
	at magicLeap.NetSpeed(magicLeap.java:246)
</failure>
  </testcase>
  <testcase name="NetSpeed" classname="magicLeap" time="14.466">
    <failure type="java.lang.NullPointerException">java.lang.NullPointerException
	at magicLeap.NetSpeed(magicLeap.java:246)
</failure>
  </testcase>
  <testcase name="NetSpeed" classname="magicLeap" time="14.496">
    <failure type="java.lang.NullPointerException">java.lang.NullPointerException
	at magicLeap.NetSpeed(magicLeap.java:246)
</failure>
  </testcase>
  <testcase name="NetSpeed" classname="magicLeap" time="15.114">
    <failure type="java.lang.NullPointerException">java.lang.NullPointerException
	at magicLeap.NetSpeed(magicLeap.java:246)
</failure>
  </testcase>
  <testcase name="NetSpeed" classname="magicLeap" time="4.46">
    <failure type="java.lang.NullPointerException">java.lang.NullPointerException
	at magicLeap.NetSpeed(magicLeap.java:246)
</failure>
  </testcase>
  <testcase name="NetSpeed" classname="magicLeap" time="14.293">
    <failure type="java.lang.NullPointerException">java.lang.NullPointerException
	at magicLeap.NetSpeed(magicLeap.java:246)
</failure>
  </testcase>
  <testcase name="NetSpeed" classname="magicLeap" time="15.414">
    <failure type="java.lang.NullPointerException">java.lang.NullPointerException
	at magicLeap.NetSpeed(magicLeap.java:246)
</failure>
  </testcase>
  <testcase name="NetSpeed" classname="magicLeap" time="8.752">
    <failure type="java.lang.NullPointerException">java.lang.NullPointerException
	at magicLeap.NetSpeed(magicLeap.java:246)
</failure>
  </testcase>
  <testcase name="NetSpeed" classname="magicLeap" time="17.898">
    <failure type="java.lang.NullPointerException">java.lang.NullPointerException
	at magicLeap.NetSpeed(magicLeap.java:246)
</failure>
  </testcase>
  <testcase name="NetSpeed" classname="magicLeap" time="17.898">
    <failure type="java.lang.NullPointerException">java.lang.NullPointerException
	at magicLeap.NetSpeed(magicLeap.java:246)
</failure>
  </testcase>
  <testcase name="NetSpeed" classname="magicLeap" time="17.898">
    <failure type="java.lang.NullPointerException">java.lang.NullPointerException
	at magicLeap.NetSpeed(magicLeap.java:246)
</failure>
  </testcase>
  <testcase name="NetSpeed" classname="magicLeap" time="19.879">
    <failure type="java.lang.NullPointerException">java.lang.NullPointerException
	at magicLeap.NetSpeed(magicLeap.java:246)
</failure>
  </testcase>
  <testcase name="NetSpeed" classname="magicLeap" time="42.122">
    <failure type="java.lang.NullPointerException">java.lang.NullPointerException
	at magicLeap.NetSpeed(magicLeap.java:246)
</failure>
  </testcase>
  <testcase name="NetSpeed" classname="magicLeap" time="310.349">
    <failure type="java.lang.NullPointerException">java.lang.NullPointerException
	at magicLeap.NetSpeed(magicLeap.java:246)
</failure>
  </testcase>
  <testcase name="tearDown" classname="magicLeap" time="0">
    <failure message="&lt;html&gt;&#10;&lt;head&gt;&lt;title&gt;502 Bad Gateway&lt;/title&gt;&lt;/head&gt;&#10;&lt;body&gt;&#10;&lt;center&gt;&lt;h1&gt;502 Bad Gateway&lt;/h1&gt;&lt;/center&gt;&#10;&lt;hr&gt;&lt;center&gt;nginx/1.15.5&lt;/center&gt;&#10;&lt;/body&gt;&#10;&lt;/html&gt;&#10;Command duration or timeout: 7.60 seconds&#10;Build info: version: &apos;3.141.59&apos;, revision: &apos;e82be7d358&apos;, time: &apos;2018-11-14T08:17:03&apos;&#10;System info: host: &apos;ADMIN-PC&apos;, ip: &apos;192.168.56.1&apos;, os.name: &apos;Windows 7&apos;, os.arch: &apos;amd64&apos;, os.version: &apos;6.1&apos;, java.version: &apos;11.0.2&apos;&#10;Driver info: org.openqa.selenium.remote.RemoteWebDriver&#10;Capabilities {acceptSslCerts: true, applicationCacheEnabled: false, browserConnectionEnabled: false, browserName: firefox, cssSelectorsEnabled: true, databaseEnabled: true, handlesAlerts: true, javascriptEnabled: true, locationContextEnabled: false, nativeEvents: false, platform: WINDOWS, platformName: WINDOWS, rotatable: false, takesScreenshot: true, version: 44.0.2, webStorageEnabled: true, webdriver.remote.sessionid: 92246205-ec9b-461a-8bcf-9bc...}&#10;Session ID: 92246205-ec9b-461a-8bcf-9bc2ef44193d" type="org.openqa.selenium.WebDriverException"><![CDATA[org.openqa.selenium.WebDriverException: 
<html>
<head><title>502 Bad Gateway</title></head>
<body>
<center><h1>502 Bad Gateway</h1></center>
<hr><center>nginx/1.15.5</center>
</body>
</html>
Command duration or timeout: 7.60 seconds
Build info: version: '3.141.59', revision: 'e82be7d358', time: '2018-11-14T08:17:03'
System info: host: 'ADMIN-PC', ip: '192.168.56.1', os.name: 'Windows 7', os.arch: 'amd64', os.version: '6.1', java.version: '11.0.2'
Driver info: org.openqa.selenium.remote.RemoteWebDriver
Capabilities {acceptSslCerts: true, applicationCacheEnabled: false, browserConnectionEnabled: false, browserName: firefox, cssSelectorsEnabled: true, databaseEnabled: true, handlesAlerts: true, javascriptEnabled: true, locationContextEnabled: false, nativeEvents: false, platform: WINDOWS, platformName: WINDOWS, rotatable: false, takesScreenshot: true, version: 44.0.2, webStorageEnabled: true, webdriver.remote.sessionid: 92246205-ec9b-461a-8bcf-9bc...}
Session ID: 92246205-ec9b-461a-8bcf-9bc2ef44193d
	at magicLeap.tearDown(magicLeap.java:260)
]]></failure>
  </testcase>
  <testcase name="tearDown" classname="magicLeap" time="2.27">
    <failure message="&lt;html&gt;&#10;&lt;head&gt;&lt;title&gt;502 Bad Gateway&lt;/title&gt;&lt;/head&gt;&#10;&lt;body&gt;&#10;&lt;center&gt;&lt;h1&gt;502 Bad Gateway&lt;/h1&gt;&lt;/center&gt;&#10;&lt;hr&gt;&lt;center&gt;nginx/1.15.5&lt;/center&gt;&#10;&lt;/body&gt;&#10;&lt;/html&gt;&#10;Command duration or timeout: 4.18 seconds&#10;Build info: version: &apos;3.141.59&apos;, revision: &apos;e82be7d358&apos;, time: &apos;2018-11-14T08:17:03&apos;&#10;System info: host: &apos;ADMIN-PC&apos;, ip: &apos;192.168.56.1&apos;, os.name: &apos;Windows 7&apos;, os.arch: &apos;amd64&apos;, os.version: &apos;6.1&apos;, java.version: &apos;11.0.2&apos;&#10;Driver info: org.openqa.selenium.remote.RemoteWebDriver&#10;Capabilities {acceptSslCerts: true, applicationCacheEnabled: false, browserConnectionEnabled: false, browserName: firefox, cssSelectorsEnabled: true, databaseEnabled: true, handlesAlerts: true, javascriptEnabled: true, locationContextEnabled: false, nativeEvents: false, platform: WINDOWS, platformName: WINDOWS, rotatable: false, takesScreenshot: true, version: 46.0.1, webStorageEnabled: true, webdriver.remote.sessionid: f987bc45-40d0-43ab-ab4c-506...}&#10;Session ID: f987bc45-40d0-43ab-ab4c-5060f0bfd2d2" type="org.openqa.selenium.WebDriverException"><![CDATA[org.openqa.selenium.WebDriverException: 
<html>
<head><title>502 Bad Gateway</title></head>
<body>
<center><h1>502 Bad Gateway</h1></center>
<hr><center>nginx/1.15.5</center>
</body>
</html>
Command duration or timeout: 4.18 seconds
Build info: version: '3.141.59', revision: 'e82be7d358', time: '2018-11-14T08:17:03'
System info: host: 'ADMIN-PC', ip: '192.168.56.1', os.name: 'Windows 7', os.arch: 'amd64', os.version: '6.1', java.version: '11.0.2'
Driver info: org.openqa.selenium.remote.RemoteWebDriver
Capabilities {acceptSslCerts: true, applicationCacheEnabled: false, browserConnectionEnabled: false, browserName: firefox, cssSelectorsEnabled: true, databaseEnabled: true, handlesAlerts: true, javascriptEnabled: true, locationContextEnabled: false, nativeEvents: false, platform: WINDOWS, platformName: WINDOWS, rotatable: false, takesScreenshot: true, version: 46.0.1, webStorageEnabled: true, webdriver.remote.sessionid: f987bc45-40d0-43ab-ab4c-506...}
Session ID: f987bc45-40d0-43ab-ab4c-5060f0bfd2d2
	at magicLeap.tearDown(magicLeap.java:260)
]]></failure>
  </testcase>
</testsuite>