<?xml version="1.0" encoding="UTF-8"?>
<!-- Generated by org.testng.reporters.JUnitReportReporter -->
<testsuite hostname="DESKTOP-GNDD2VC" failures="0" tests="49" name="magicleapTesting.magicLeap" time="980.085" errors="0" timestamp="30 Aug 2020 11:04:46 GMT" skipped="0">
  <testcase classname="magicleapTesting.magicLeap" name="DesktopScript" time="20.001"/>
  <testcase classname="magicleapTesting.magicLeap" name="DesktopScript" time="20.001"/>
  <testcase classname="magicleapTesting.magicLeap" name="DesktopScript" time="20.000"/>
  <testcase classname="magicleapTesting.magicLeap" name="DesktopScript" time="20.003"/>
  <testcase classname="magicleapTesting.magicLeap" name="DesktopScript" time="20.003"/>
  <testcase classname="magicleapTesting.magicLeap" name="DesktopScript" time="20.003"/>
  <testcase classname="magicleapTesting.magicLeap" name="DesktopScript" time="20.003"/>
  <testcase classname="magicleapTesting.magicLeap" name="DesktopScript" time="20.001"/>
  <testcase classname="magicleapTesting.magicLeap" name="DesktopScript" time="20.003"/>
  <testcase classname="magicleapTesting.magicLeap" name="DesktopScript" time="20.002"/>
  <testcase classname="magicleapTesting.magicLeap" name="DesktopScript" time="20.001"/>
  <testcase classname="magicleapTesting.magicLeap" name="DesktopScript" time="20.000"/>
  <testcase classname="magicleapTesting.magicLeap" name="DesktopScript" time="20.000"/>
  <testcase classname="magicleapTesting.magicLeap" name="DesktopScript" time="20.005"/>
  <testcase classname="magicleapTesting.magicLeap" name="DesktopScript" time="20.003"/>
  <testcase classname="magicleapTesting.magicLeap" name="DesktopScript" time="20.001"/>
  <testcase classname="magicleapTesting.magicLeap" name="DesktopScript" time="20.000"/>
  <testcase classname="magicleapTesting.magicLeap" name="DesktopScript" time="20.002"/>
  <testcase classname="magicleapTesting.magicLeap" name="DesktopScript" time="20.005"/>
  <testcase classname="magicleapTesting.magicLeap" name="DesktopScript" time="20.006"/>
  <testcase classname="magicleapTesting.magicLeap" name="DesktopScript" time="20.001"/>
  <testcase classname="magicleapTesting.magicLeap" name="DesktopScript" time="20.001"/>
  <testcase classname="magicleapTesting.magicLeap" name="DesktopScript" time="20.002"/>
  <testcase classname="magicleapTesting.magicLeap" name="DesktopScript" time="20.001"/>
  <testcase classname="magicleapTesting.magicLeap" name="DesktopScript" time="20.002"/>
  <testcase classname="magicleapTesting.magicLeap" name="DesktopScript" time="20.000"/>
  <testcase classname="magicleapTesting.magicLeap" name="DesktopScript" time="20.002"/>
  <testcase classname="magicleapTesting.magicLeap" name="DesktopScript" time="20.000"/>
  <testcase classname="magicleapTesting.magicLeap" name="DesktopScript" time="20.003"/>
  <testcase classname="magicleapTesting.magicLeap" name="DesktopScript" time="20.001"/>
  <testcase classname="magicleapTesting.magicLeap" name="DesktopScript" time="20.002"/>
  <testcase classname="magicleapTesting.magicLeap" name="DesktopScript" time="20.002"/>
  <testcase classname="magicleapTesting.magicLeap" name="DesktopScript" time="20.003"/>
  <testcase classname="magicleapTesting.magicLeap" name="DesktopScript" time="20.002"/>
  <testcase classname="magicleapTesting.magicLeap" name="DesktopScript" time="20.001"/>
  <testcase classname="magicleapTesting.magicLeap" name="DesktopScript" time="20.002"/>
  <testcase classname="magicleapTesting.magicLeap" name="DesktopScript" time="20.002"/>
  <testcase classname="magicleapTesting.magicLeap" name="DesktopScript" time="20.002"/>
  <testcase classname="magicleapTesting.magicLeap" name="DesktopScript" time="20.001"/>
  <testcase classname="magicleapTesting.magicLeap" name="DesktopScript" time="20.002"/>
  <testcase classname="magicleapTesting.magicLeap" name="DesktopScript" time="20.002"/>
  <testcase classname="magicleapTesting.magicLeap" name="DesktopScript" time="20.000"/>
  <testcase classname="magicleapTesting.magicLeap" name="DesktopScript" time="20.001"/>
  <testcase classname="magicleapTesting.magicLeap" name="DesktopScript" time="20.000"/>
  <testcase classname="magicleapTesting.magicLeap" name="DesktopScript" time="20.001"/>
  <testcase classname="magicleapTesting.magicLeap" name="DesktopScript" time="20.001"/>
  <testcase classname="magicleapTesting.magicLeap" name="DesktopScript" time="20.003"/>
  <testcase classname="magicleapTesting.magicLeap" name="DesktopScript" time="20.000"/>
  <testcase classname="magicleapTesting.magicLeap" name="DesktopScript" time="20.002"/>
</testsuite> <!-- magicleapTesting.magicLeap -->
