<?xml version="1.0" encoding="UTF-8"?>
<!-- Generated by org.testng.reporters.JUnitReportReporter -->
<testsuite hostname="Admin-PC" failures="0" tests="25" name="magicLeap" time="5195.980" errors="0" timestamp="21 Nov 2019 17:41:52 GMT" skipped="0">
  <testcase classname="magicLeap" name="DesktopScript" time="232.650"/>
  <testcase classname="magicLeap" name="DesktopScript" time="195.393"/>
  <testcase classname="magicLeap" name="DesktopScript" time="231.411"/>
  <testcase classname="magicLeap" name="DesktopScript" time="230.271"/>
  <testcase classname="magicLeap" name="DesktopScript" time="0.000"/>
  <testcase classname="magicLeap" name="DesktopScript" time="236.087"/>
  <testcase classname="magicLeap" name="DesktopScript" time="161.511"/>
  <testcase classname="magicLeap" name="DesktopScript" time="264.643"/>
  <testcase classname="magicLeap" name="DesktopScript" time="457.565"/>
  <testcase classname="magicLeap" name="DesktopScript" time="184.215"/>
  <testcase classname="magicLeap" name="DesktopScript" time="224.669"/>
  <testcase classname="magicLeap" name="DesktopScript" time="199.254"/>
  <testcase classname="magicLeap" name="DesktopScript" time="183.709"/>
  <testcase classname="magicLeap" name="DesktopScript" time="188.899"/>
  <testcase classname="magicLeap" name="DesktopScript" time="230.119"/>
  <testcase classname="magicLeap" name="DesktopScript" time="183.178"/>
  <testcase classname="magicLeap" name="DesktopScript" time="205.844"/>
  <testcase classname="magicLeap" name="DesktopScript" time="192.851"/>
  <testcase classname="magicLeap" name="DesktopScript" time="250.107"/>
  <testcase classname="magicLeap" name="DesktopScript" time="206.599"/>
  <testcase classname="magicLeap" name="DesktopScript" time="227.121"/>
  <testcase classname="magicLeap" name="DesktopScript" time="191.526"/>
  <testcase classname="magicLeap" name="DesktopScript" time="189.319"/>
  <testcase classname="magicLeap" name="DesktopScript" time="170.578"/>
  <testcase classname="magicLeap" name="DesktopScript" time="158.461"/>
</testsuite> <!-- magicLeap -->
