<?xml version="1.0" encoding="UTF-8"?>
<!-- Generated by org.testng.reporters.JUnitReportReporter -->
<testsuite hostname="Admin-PC" failures="0" tests="10" name="magicLeap" time="59.677" errors="0" timestamp="02 Dec 2019 11:57:15 GMT" skipped="0">
  <testcase classname="magicLeap" name="DesktopScript" time="0.003"/>
  <testcase classname="magicLeap" name="DesktopScript" time="6.368"/>
  <testcase classname="magicLeap" name="DesktopScript" time="6.735"/>
  <testcase classname="magicLeap" name="DesktopScript" time="5.530"/>
  <testcase classname="magicLeap" name="DesktopScript" time="6.950"/>
  <testcase classname="magicLeap" name="DesktopScript" time="7.085"/>
  <testcase classname="magicLeap" name="DesktopScript" time="6.294"/>
  <testcase classname="magicLeap" name="DesktopScript" time="8.020"/>
  <testcase classname="magicLeap" name="DesktopScript" time="5.390"/>
  <testcase classname="magicLeap" name="DesktopScript" time="7.302"/>
</testsuite> <!-- magicLeap -->
